--- Startup times for process: Primary (or UI client) ---

times in msec
 clock   self+sourced   self:  sourced script
 clock   elapsed:              other lines

000.000  000.000: --- NVIM STARTING ---
000.178  000.177: event init
000.646  000.469: early init
001.872  001.226: locale set
001.921  000.049: init first window
002.597  000.675: inits 1
002.606  000.009: window checked
002.615  000.009: parsing arguments
003.420  000.041  000.041: require('vim.shared')
003.513  000.035  000.035: require('vim.inspect')
003.555  000.032  000.032: require('vim._options')
003.557  000.133  000.065: require('vim._editor')
003.558  000.217  000.043: require('vim._init_packages')
003.562  000.730: init lua interpreter
007.528  003.967: nvim_ui_attach
007.959  000.431: nvim_set_client_info
007.967  000.008: --- NVIM STARTED ---

--- Startup times for process: Embedded ---

times in msec
 clock   self+sourced   self:  sourced script
 clock   elapsed:              other lines

000.000  000.000: --- NVIM STARTING ---
000.155  000.155: event init
000.308  000.153: early init
000.727  000.419: locale set
000.757  000.030: init first window
001.164  000.407: inits 1
001.189  000.026: window checked
001.194  000.005: parsing arguments
001.662  000.077  000.077: require('vim.shared')
001.735  000.026  000.026: require('vim.inspect')
001.768  000.025  000.025: require('vim._options')
001.770  000.105  000.054: require('vim._editor')
001.771  000.211  000.029: require('vim._init_packages')
001.773  000.368: init lua interpreter
004.230  002.457: expanding arguments
004.244  000.014: inits 2
004.467  000.223: init highlight
004.467  000.001: waiting for UI
004.604  000.137: done waiting for UI
004.611  000.006: clear screen
004.709  000.018  000.018: require('vim.keymap')
005.602  000.138  000.138: sourcing nvim_exec2()
005.773  001.160  001.005: require('vim._defaults')
005.774  000.004: init default mappings & autocommands
006.856  000.244  000.244: sourcing /opt/homebrew/Cellar/neovim/0.11.1/share/nvim/runtime/ftplugin.vim
007.117  000.182  000.182: sourcing /opt/homebrew/Cellar/neovim/0.11.1/share/nvim/runtime/indent.vim
008.241  000.276  000.276: require('haynescd.remap')
009.626  000.956  000.956: require('lazy')
009.679  000.037  000.037: require('ffi')
009.725  000.028  000.028: require('vim.fs')
010.066  000.339  000.339: require('vim.uri')
010.078  000.396  000.029: require('vim.loader')
010.621  000.523  000.523: require('lazy.stats')
011.170  000.509  000.509: require('lazy.core.util')
011.372  000.200  000.200: require('lazy.core.config')
011.761  000.137  000.137: require('lazy.core.handler')
012.311  000.230  000.230: require('lazy.pkg')
012.315  000.377  000.147: require('lazy.core.meta')
012.322  000.560  000.183: require('lazy.core.plugin')
012.326  000.953  000.256: require('lazy.core.loader')
012.903  000.156  000.156: require('lazy.core.fragments')
029.131  000.314  000.314: require('lazy.core.handler.keys')
029.513  000.193  000.193: require('lazy.core.handler.event')
029.516  000.379  000.186: require('lazy.core.handler.ft')
029.715  000.197  000.197: require('lazy.core.handler.cmd')
029.805  000.009  000.009: sourcing nvim_exec2() called at /Users/haynescd/.config/nvim/init.lua:0
029.820  000.001  000.001: sourcing nvim_exec2() called at /Users/haynescd/.config/nvim/init.lua:0
030.497  000.308  000.308: sourcing nvim_exec2() called at /opt/homebrew/Cellar/neovim/0.11.1/share/nvim/runtime/filetype.lua:0
030.500  000.549  000.241: sourcing /opt/homebrew/Cellar/neovim/0.11.1/share/nvim/runtime/filetype.lua
030.505  000.630  000.081: sourcing nvim_exec2() called at /Users/haynescd/.config/nvim/init.lua:0
031.140  000.178  000.178: sourcing /Users/haynescd/.local/share/nvim/lazy/plenary.nvim/plugin/plenary.vim
031.146  000.241  000.063: sourcing nvim_exec2() called at /Users/haynescd/.config/nvim/init.lua:0
031.151  000.001  000.001: sourcing nvim_exec2() called at /Users/haynescd/.config/nvim/init.lua:0
031.169  000.001  000.001: sourcing nvim_exec2() called at /Users/haynescd/.config/nvim/init.lua:0
031.505  000.002  000.002: sourcing nvim_exec2() called at /Users/haynescd/.config/nvim/init.lua:0
031.512  000.001  000.001: sourcing nvim_exec2() called at /Users/haynescd/.config/nvim/init.lua:0
032.026  000.370  000.370: sourcing /Users/haynescd/.local/share/nvim/lazy/telescope.nvim/plugin/telescope.lua
032.033  000.424  000.053: sourcing nvim_exec2() called at /Users/haynescd/.config/nvim/init.lua:0
032.037  000.001  000.001: sourcing nvim_exec2() called at /Users/haynescd/.config/nvim/init.lua:0
032.045  000.001  000.001: sourcing nvim_exec2() called at /Users/haynescd/.config/nvim/init.lua:0
033.476  000.221  000.221: require('telescope._extensions')
033.478  001.431  001.210: require('telescope')
034.555  000.144  000.144: require('plenary.bit')
034.715  000.158  000.158: require('plenary.functional')
034.739  000.643  000.341: require('plenary.path')
034.749  000.827  000.183: require('plenary.strings')
034.892  000.141  000.141: require('telescope.deprecated')
035.656  000.008  000.008: require('vim.F')
035.676  000.262  000.254: require('plenary.log')
035.719  000.551  000.289: require('telescope.log')
036.548  000.174  000.174: require('plenary.compat')
036.558  000.470  000.296: require('plenary.job')
036.758  000.199  000.199: require('telescope.state')
036.778  001.057  000.388: require('telescope.utils')
036.785  001.892  000.283: require('telescope.sorters')
038.024  004.544  001.685: require('telescope.config')
039.259  000.450  000.450: require('fzf_lib')
039.262  000.637  000.187: require('telescope._extensions.fzf')
039.631  000.322  000.322: require('telescope.builtin')
040.087  000.003  000.003: sourcing nvim_exec2() called at /Users/haynescd/.config/nvim/init.lua:0
040.093  000.001  000.001: sourcing nvim_exec2() called at /Users/haynescd/.config/nvim/init.lua:0
043.741  003.642  003.642: require('mini.icons')
043.987  000.004  000.004: sourcing nvim_exec2() called at /Users/haynescd/.config/nvim/init.lua:0
043.996  000.001  000.001: sourcing nvim_exec2() called at /Users/haynescd/.config/nvim/init.lua:0
044.628  000.582  000.582: require('oil')
044.920  000.291  000.291: require('oil.ringbuf')
045.573  000.652  000.652: require('oil.config')
046.793  001.136  001.136: require('vim.filetype')
047.492  000.276  000.276: require('oil.log')
047.506  000.441  000.166: require('oil.fs')
048.250  000.169  000.169: require('oil.constants')
048.260  000.752  000.583: require('oil.util')
048.788  000.260  000.260: sourcing /Users/haynescd/.local/share/nvim/lazy/undotree/plugin/undotree.vim
048.794  000.322  000.062: sourcing nvim_exec2() called at /Users/haynescd/.config/nvim/init.lua:0
048.799  000.001  000.001: sourcing nvim_exec2() called at /Users/haynescd/.config/nvim/init.lua:0
048.806  000.001  000.001: sourcing nvim_exec2() called at /Users/haynescd/.config/nvim/init.lua:0
050.036  000.876  000.876: sourcing /Users/haynescd/.local/share/nvim/lazy/vim-fugitive/plugin/fugitive.vim
050.043  000.925  000.049: sourcing nvim_exec2() called at /Users/haynescd/.config/nvim/init.lua:0
050.047  000.001  000.001: sourcing nvim_exec2() called at /Users/haynescd/.config/nvim/init.lua:0
050.322  000.148  000.148: sourcing /Users/haynescd/.local/share/nvim/lazy/vim-fugitive/ftdetect/fugitive.vim
050.327  000.198  000.050: sourcing nvim_exec2() called at /Users/haynescd/.config/nvim/init.lua:0
050.331  000.001  000.001: sourcing nvim_exec2() called at /Users/haynescd/.config/nvim/init.lua:0
052.394  000.134  000.134: require('nvim-treesitter.utils')
053.512  000.107  000.107: require('vim.treesitter.language')
053.608  000.095  000.095: require('vim.func')
053.715  000.104  000.104: require('vim.func._memoize')
053.788  000.571  000.265: require('vim.treesitter.query')
053.898  000.109  000.109: require('vim.treesitter._range')
053.906  000.890  000.210: require('vim.treesitter.languagetree')
053.910  001.069  000.180: require('vim.treesitter')
054.248  001.853  000.784: require('nvim-treesitter.parsers')
054.904  000.104  000.104: require('nvim-treesitter.compat')
055.246  000.236  000.236: require('nvim-treesitter.ts_utils')
055.250  000.345  000.109: require('nvim-treesitter.tsrange')
055.352  000.101  000.101: require('nvim-treesitter.caching')
055.361  000.728  000.177: require('nvim-treesitter.query')
055.373  000.999  000.271: require('nvim-treesitter.configs')
055.376  001.127  000.128: require('nvim-treesitter.info')
055.500  000.123  000.123: require('nvim-treesitter.shell_command_selectors')
055.525  003.720  000.482: require('nvim-treesitter.install')
055.635  000.108  000.108: require('nvim-treesitter.statusline')
055.738  000.102  000.102: require('nvim-treesitter.query_predicates')
055.739  004.856  000.927: require('nvim-treesitter')
055.903  000.161  000.161: require('vim.iter')
056.456  005.756  000.739: sourcing /Users/haynescd/.local/share/nvim/lazy/nvim-treesitter/plugin/nvim-treesitter.lua
056.462  005.804  000.048: sourcing nvim_exec2() called at /Users/haynescd/.config/nvim/init.lua:0
056.505  000.002  000.002: sourcing nvim_exec2() called at /Users/haynescd/.config/nvim/init.lua:0
056.515  000.001  000.001: sourcing nvim_exec2() called at /Users/haynescd/.config/nvim/init.lua:0
057.425  000.128  000.128: require('nvim-treesitter.highlight')
057.589  000.146  000.146: require('nvim-treesitter.indent')
057.650  000.002  000.002: sourcing nvim_exec2() called at /Users/haynescd/.config/nvim/init.lua:0
057.656  000.001  000.001: sourcing nvim_exec2() called at /Users/haynescd/.config/nvim/init.lua:0
058.696  000.277  000.277: require('rose-pine.config')
058.700  001.036  000.759: require('rose-pine')
060.113  000.270  000.270: require('rose-pine.utilities')
060.269  000.155  000.155: require('rose-pine.palette')
061.619  000.009  000.009: sourcing nvim_exec2() called at /Users/haynescd/.local/share/nvim/lazy/rose-pine/colors/rose-pine.lua:0
061.621  001.986  001.552: sourcing /Users/haynescd/.local/share/nvim/lazy/rose-pine/colors/rose-pine.lua
061.964  000.002  000.002: sourcing nvim_exec2() called at /Users/haynescd/.config/nvim/init.lua:0
061.969  000.001  000.001: sourcing nvim_exec2() called at /Users/haynescd/.config/nvim/init.lua:0
063.086  000.164  000.164: require('vim.lsp.log')
063.808  000.720  000.720: require('vim.lsp.protocol')
064.107  000.297  000.297: require('vim.lsp.util')
064.350  000.139  000.139: require('vim.lsp.sync')
064.353  000.244  000.106: require('vim.lsp._changetracking')
064.661  000.104  000.104: require('vim.lsp._transport')
064.669  000.315  000.211: require('vim.lsp.rpc')
064.702  002.064  000.323: require('vim.lsp')
065.484  000.781  000.781: require('blink.cmp')
065.866  000.174  000.174: require('blink.cmp.lib.async')
066.220  000.133  000.133: require('blink.cmp.config.utils')
066.346  000.125  000.125: require('blink.cmp.config.keymap')
066.541  000.092  000.092: require('blink.cmp.config.completion.keyword')
066.640  000.098  000.098: require('blink.cmp.config.completion.trigger')
066.731  000.090  000.090: require('blink.cmp.config.completion.list')
066.823  000.090  000.090: require('blink.cmp.config.completion.accept')
066.924  000.100  000.100: require('blink.cmp.config.completion.menu')
067.023  000.098  000.098: require('blink.cmp.config.completion.documentation')
067.121  000.097  000.097: require('blink.cmp.config.completion.ghost_text')
067.122  000.775  000.109: require('blink.cmp.config.completion')
067.218  000.095  000.095: require('blink.cmp.config.fuzzy')
067.314  000.095  000.095: require('blink.cmp.config.sources')
067.406  000.091  000.091: require('blink.cmp.config.signature')
067.502  000.096  000.096: require('blink.cmp.config.snippets')
067.598  000.095  000.095: require('blink.cmp.config.appearance')
067.693  000.094  000.094: require('blink.cmp.config.modes.cmdline')
067.784  000.090  000.090: require('blink.cmp.config.modes.term')
067.786  001.919  000.230: require('blink.cmp.config')
067.877  000.090  000.090: require('blink.cmp.lib.event_emitter')
067.978  000.099  000.099: require('blink.cmp.lib.utils')
067.981  002.495  000.212: require('blink.cmp.sources.lib')
068.064  005.606  000.266: sourcing /Users/haynescd/.local/share/nvim/lazy/blink.cmp/plugin/blink-cmp.lua
068.069  005.816  000.209: sourcing nvim_exec2() called at /Users/haynescd/.config/nvim/init.lua:0
068.074  000.002  000.002: sourcing nvim_exec2() called at /Users/haynescd/.config/nvim/init.lua:0
068.081  000.001  000.001: sourcing nvim_exec2() called at /Users/haynescd/.config/nvim/init.lua:0
068.183  000.085  000.085: require('blink-cmp')
069.080  000.115  000.115: require('blink.cmp.config.modes.types')
069.761  000.132  000.132: require('blink.cmp.fuzzy.download.system')
069.773  000.251  000.120: require('blink.cmp.fuzzy.download.files')
069.775  000.350  000.099: require('blink.cmp.fuzzy.download.git')
069.776  000.474  000.124: require('blink.cmp.fuzzy.download')
070.055  000.218  000.218: require('vim._system')
074.164  000.498  000.498: require('lazydev')
074.325  000.158  000.158: require('lazydev.config')
074.535  000.186  000.186: require('lazydev.util')
075.402  000.470  000.470: require('lspconfig.util')
075.650  000.243  000.243: require('vim.version')
076.533  001.791  001.077: sourcing /Users/haynescd/.local/share/nvim/lazy/nvim-lspconfig/plugin/lspconfig.lua
076.543  001.866  000.076: sourcing nvim_exec2() called at /Users/haynescd/.config/nvim/init.lua:0
076.552  000.003  000.003: sourcing nvim_exec2() called at /Users/haynescd/.config/nvim/init.lua:0
076.574  000.001  000.001: sourcing nvim_exec2() called at /Users/haynescd/.config/nvim/init.lua:0
077.146  000.162  000.162: require('lspconfig.async')
077.148  000.364  000.203: require('lspconfig.configs')
077.153  000.568  000.203: require('lspconfig')
077.422  000.267  000.267: require('lspconfig.configs.lua_ls')
077.749  000.196  000.196: require('lspconfig.manager')
078.101  000.349  000.349: require('vim.diagnostic')
078.471  000.160  000.160: sourcing /opt/homebrew/Cellar/neovim/0.11.1/share/nvim/runtime/plugin/editorconfig.lua
078.476  000.226  000.067: sourcing nvim_exec2() called at /Users/haynescd/.config/nvim/init.lua:0
078.702  000.179  000.179: sourcing /opt/homebrew/Cellar/neovim/0.11.1/share/nvim/runtime/plugin/gzip.vim
078.708  000.227  000.048: sourcing nvim_exec2() called at /Users/haynescd/.config/nvim/init.lua:0
078.926  000.160  000.160: sourcing /opt/homebrew/Cellar/neovim/0.11.1/share/nvim/runtime/plugin/man.lua
078.931  000.207  000.048: sourcing nvim_exec2() called at /Users/haynescd/.config/nvim/init.lua:0
079.996  000.234  000.234: sourcing /opt/homebrew/Cellar/neovim/0.11.1/share/nvim/runtime/pack/dist/opt/matchit/plugin/matchit.vim
080.011  001.034  000.801: sourcing /opt/homebrew/Cellar/neovim/0.11.1/share/nvim/runtime/plugin/matchit.vim
080.015  001.080  000.045: sourcing nvim_exec2() called at /Users/haynescd/.config/nvim/init.lua:0
080.241  000.142  000.142: sourcing /opt/homebrew/Cellar/neovim/0.11.1/share/nvim/runtime/plugin/matchparen.vim
080.249  000.192  000.050: sourcing nvim_exec2() called at /Users/haynescd/.config/nvim/init.lua:0
080.357  000.063  000.063: sourcing /opt/homebrew/Cellar/neovim/0.11.1/share/nvim/runtime/plugin/netrwPlugin.vim
080.368  000.116  000.052: sourcing nvim_exec2() called at /Users/haynescd/.config/nvim/init.lua:0
080.599  000.176  000.176: sourcing /opt/homebrew/Cellar/neovim/0.11.1/share/nvim/runtime/plugin/osc52.lua
080.604  000.230  000.054: sourcing nvim_exec2() called at /Users/haynescd/.config/nvim/init.lua:0
080.797  000.151  000.151: sourcing /opt/homebrew/Cellar/neovim/0.11.1/share/nvim/runtime/plugin/rplugin.vim
080.803  000.197  000.046: sourcing nvim_exec2() called at /Users/haynescd/.config/nvim/init.lua:0
081.005  000.149  000.149: sourcing /opt/homebrew/Cellar/neovim/0.11.1/share/nvim/runtime/plugin/shada.vim
081.019  000.211  000.062: sourcing nvim_exec2() called at /Users/haynescd/.config/nvim/init.lua:0
081.226  000.102  000.102: sourcing /opt/homebrew/Cellar/neovim/0.11.1/share/nvim/runtime/plugin/spellfile.vim
081.233  000.202  000.100: sourcing nvim_exec2() called at /Users/haynescd/.config/nvim/init.lua:0
081.448  000.152  000.152: sourcing /opt/homebrew/Cellar/neovim/0.11.1/share/nvim/runtime/plugin/tarPlugin.vim
081.456  000.218  000.067: sourcing nvim_exec2() called at /Users/haynescd/.config/nvim/init.lua:0
081.660  000.155  000.155: sourcing /opt/homebrew/Cellar/neovim/0.11.1/share/nvim/runtime/plugin/tohtml.lua
081.668  000.208  000.053: sourcing nvim_exec2() called at /Users/haynescd/.config/nvim/init.lua:0
081.765  000.038  000.038: sourcing /opt/homebrew/Cellar/neovim/0.11.1/share/nvim/runtime/plugin/tutor.vim
081.770  000.096  000.058: sourcing nvim_exec2() called at /Users/haynescd/.config/nvim/init.lua:0
081.915  000.090  000.090: sourcing /opt/homebrew/Cellar/neovim/0.11.1/share/nvim/runtime/plugin/zipPlugin.vim
081.920  000.146  000.056: sourcing nvim_exec2() called at /Users/haynescd/.config/nvim/init.lua:0
082.329  000.174  000.174: sourcing /Users/haynescd/.config/nvim/after/plugin/telescope.lua
082.333  000.225  000.051: sourcing nvim_exec2() called at /Users/haynescd/.config/nvim/init.lua:0
084.425  076.182  030.668: require('haynescd.lazy_init')
084.835  000.409  000.409: require('haynescd.set')
084.836  077.388  000.522: require('haynescd')
084.837  077.572  000.184: sourcing /Users/haynescd/.config/nvim/init.lua
084.856  001.083: sourcing vimrc file(s)
085.308  000.052  000.052: sourcing /opt/homebrew/Cellar/neovim/0.11.1/share/nvim/runtime/filetype.lua
085.706  000.104  000.104: sourcing /opt/homebrew/Cellar/neovim/0.11.1/share/nvim/runtime/syntax/synload.vim
085.756  000.375  000.270: sourcing /opt/homebrew/Cellar/neovim/0.11.1/share/nvim/runtime/syntax/syntax.vim
085.769  000.486: inits 3
086.806  001.037: reading ShaDa
086.895  000.089: opening buffers
086.953  000.058: BufEnter autocommands
086.954  000.001: editing files in windows
086.983  000.029: --- NVIM STARTED ---

--- Startup times for process: Primary (or UI client) ---

times in msec
 clock   self+sourced   self:  sourced script
 clock   elapsed:              other lines

000.001  000.001: --- NVIM STARTING ---
000.168  000.167: event init
000.391  000.223: early init
001.083  000.693: locale set
001.128  000.045: init first window
001.801  000.673: inits 1
001.812  000.011: window checked
001.819  000.007: parsing arguments
002.423  000.048  000.048: require('vim.shared')
002.523  000.039  000.039: require('vim.inspect')
002.572  000.038  000.038: require('vim._options')
002.575  000.148  000.070: require('vim._editor')
002.578  000.239  000.043: require('vim._init_packages')
002.581  000.523: init lua interpreter
006.575  003.994: nvim_ui_attach
006.940  000.365: nvim_set_client_info
006.941  000.002: --- NVIM STARTED ---

--- Startup times for process: Embedded ---

times in msec
 clock   self+sourced   self:  sourced script
 clock   elapsed:              other lines

000.000  000.000: --- NVIM STARTING ---
000.273  000.272: event init
000.395  000.123: early init
000.775  000.380: locale set
000.799  000.024: init first window
001.190  000.391: inits 1
001.208  000.018: window checked
001.212  000.004: parsing arguments
001.669  000.033  000.033: require('vim.shared')
001.740  000.027  000.027: require('vim.inspect')
001.775  000.027  000.027: require('vim._options')
001.777  000.105  000.051: require('vim._editor')
001.778  000.170  000.031: require('vim._init_packages')
001.780  000.398: init lua interpreter
004.317  002.537: expanding arguments
004.335  000.018: inits 2
004.591  000.256: init highlight
004.592  000.001: waiting for UI
004.763  000.171: done waiting for UI
004.769  000.006: clear screen
004.889  000.019  000.019: require('vim.keymap')
005.885  000.147  000.147: sourcing nvim_exec2()
006.074  001.301  001.135: require('vim._defaults')
006.076  000.005: init default mappings & autocommands
006.828  000.056  000.056: sourcing /opt/homebrew/Cellar/neovim/0.11.1/share/nvim/runtime/ftplugin.vim
006.930  000.025  000.025: sourcing /opt/homebrew/Cellar/neovim/0.11.1/share/nvim/runtime/indent.vim
007.404  000.123  000.123: require('haynescd.remap')
008.353  000.762  000.762: require('lazy')
008.408  000.042  000.042: require('ffi')
008.501  000.035  000.035: require('vim.fs')
008.696  000.192  000.192: require('vim.uri')
008.707  000.295  000.068: require('vim.loader')
009.046  000.317  000.317: require('lazy.stats')
009.258  000.172  000.172: require('lazy.core.util')
009.426  000.167  000.167: require('lazy.core.config')
009.785  000.157  000.157: require('lazy.core.handler')
010.243  000.185  000.185: require('lazy.pkg')
010.248  000.315  000.130: require('lazy.core.meta')
010.253  000.467  000.152: require('lazy.core.plugin')
010.261  000.833  000.209: require('lazy.core.loader')
010.893  000.171  000.171: require('lazy.core.fragments')
013.454  000.134  000.134: require('lazy.core.handler.keys')
013.576  000.116  000.116: require('lazy.core.handler.event')
013.677  000.098  000.098: require('lazy.core.handler.ft')
013.828  000.149  000.149: require('lazy.core.handler.cmd')
013.856  000.004  000.004: sourcing nvim_exec2() called at /Users/haynescd/.config/nvim/init.lua:0
013.866  000.001  000.001: sourcing nvim_exec2() called at /Users/haynescd/.config/nvim/init.lua:0
014.325  000.292  000.292: sourcing nvim_exec2() called at /opt/homebrew/Cellar/neovim/0.11.1/share/nvim/runtime/filetype.lua:0
014.328  000.366  000.074: sourcing /opt/homebrew/Cellar/neovim/0.11.1/share/nvim/runtime/filetype.lua
014.333  000.431  000.065: sourcing nvim_exec2() called at /Users/haynescd/.config/nvim/init.lua:0
014.684  000.002  000.002: sourcing nvim_exec2() called at /Users/haynescd/.config/nvim/init.lua:0
014.691  000.001  000.001: sourcing nvim_exec2() called at /Users/haynescd/.config/nvim/init.lua:0
016.058  001.361  001.361: require('mini.icons')
016.372  000.003  000.003: sourcing nvim_exec2() called at /Users/haynescd/.config/nvim/init.lua:0
016.381  000.001  000.001: sourcing nvim_exec2() called at /Users/haynescd/.config/nvim/init.lua:0
016.854  000.462  000.462: require('oil')
017.219  000.364  000.364: require('oil.ringbuf')
017.391  000.170  000.170: require('oil.config')
018.487  000.911  000.911: require('vim.filetype')
019.091  000.115  000.115: require('oil.log')
019.108  000.287  000.172: require('oil.fs')
019.357  000.097  000.097: require('oil.constants')
019.369  000.260  000.163: require('oil.util')
020.328  000.660  000.660: sourcing /Users/haynescd/.local/share/nvim/lazy/vim-fugitive/plugin/fugitive.vim
020.345  000.737  000.077: sourcing nvim_exec2() called at /Users/haynescd/.config/nvim/init.lua:0
020.350  000.001  000.001: sourcing nvim_exec2() called at /Users/haynescd/.config/nvim/init.lua:0
020.528  000.008  000.008: sourcing /Users/haynescd/.local/share/nvim/lazy/vim-fugitive/ftdetect/fugitive.vim
020.536  000.071  000.063: sourcing nvim_exec2() called at /Users/haynescd/.config/nvim/init.lua:0
020.540  000.001  000.001: sourcing nvim_exec2() called at /Users/haynescd/.config/nvim/init.lua:0
022.155  000.621  000.621: require('lazydev')
022.268  000.110  000.110: require('lazydev.config')
023.014  000.239  000.239: require('vim.lsp.log')
023.514  000.498  000.498: require('vim.lsp.protocol')
023.734  000.218  000.218: require('vim.lsp.util')
024.000  000.132  000.132: require('vim.lsp.sync')
024.008  000.272  000.140: require('vim.lsp._changetracking')
024.322  000.139  000.139: require('vim.lsp._transport')
024.333  000.324  000.185: require('vim.lsp.rpc')
024.363  001.934  000.383: require('vim.lsp')
024.366  002.092  000.158: require('lazydev.util')
024.967  000.261  000.261: require('lspconfig.util')
025.102  000.130  000.130: require('vim.version')
026.397  001.761  001.370: sourcing /Users/haynescd/.local/share/nvim/lazy/nvim-lspconfig/plugin/lspconfig.lua
026.407  001.831  000.070: sourcing nvim_exec2() called at /Users/haynescd/.config/nvim/init.lua:0
026.413  000.002  000.002: sourcing nvim_exec2() called at /Users/haynescd/.config/nvim/init.lua:0
026.425  000.001  000.001: sourcing nvim_exec2() called at /Users/haynescd/.config/nvim/init.lua:0
027.617  000.002  000.002: sourcing nvim_exec2() called at /Users/haynescd/.config/nvim/init.lua:0
027.627  000.001  000.001: sourcing nvim_exec2() called at /Users/haynescd/.config/nvim/init.lua:0
028.499  000.620  000.620: require('blink.cmp')
028.904  000.206  000.206: require('blink.cmp.lib.async')
029.092  000.089  000.089: require('blink.cmp.config.utils')
029.182  000.088  000.088: require('blink.cmp.config.keymap')
029.361  000.086  000.086: require('blink.cmp.config.completion.keyword')
029.451  000.089  000.089: require('blink.cmp.config.completion.trigger')
029.584  000.132  000.132: require('blink.cmp.config.completion.list')
029.694  000.109  000.109: require('blink.cmp.config.completion.accept')
029.804  000.109  000.109: require('blink.cmp.config.completion.menu')
029.904  000.098  000.098: require('blink.cmp.config.completion.documentation')
029.992  000.087  000.087: require('blink.cmp.config.completion.ghost_text')
029.994  000.811  000.100: require('blink.cmp.config.completion')
030.077  000.082  000.082: require('blink.cmp.config.fuzzy')
030.164  000.086  000.086: require('blink.cmp.config.sources')
030.245  000.080  000.080: require('blink.cmp.config.signature')
030.332  000.085  000.085: require('blink.cmp.config.snippets')
030.411  000.079  000.079: require('blink.cmp.config.appearance')
030.488  000.076  000.076: require('blink.cmp.config.modes.cmdline')
030.562  000.073  000.073: require('blink.cmp.config.modes.term')
030.564  001.659  000.110: require('blink.cmp.config')
030.639  000.074  000.074: require('blink.cmp.lib.event_emitter')
030.726  000.085  000.085: require('blink.cmp.lib.utils')
030.730  002.230  000.206: require('blink.cmp.sources.lib')
030.848  003.046  000.195: sourcing /Users/haynescd/.local/share/nvim/lazy/blink.cmp/plugin/blink-cmp.lua
030.855  003.103  000.057: sourcing nvim_exec2() called at /Users/haynescd/.config/nvim/init.lua:0
030.864  000.002  000.002: sourcing nvim_exec2() called at /Users/haynescd/.config/nvim/init.lua:0
030.907  000.001  000.001: sourcing nvim_exec2() called at /Users/haynescd/.config/nvim/init.lua:0
031.004  000.075  000.075: require('blink-cmp')
032.104  000.095  000.095: require('blink.cmp.config.modes.types')
032.665  000.080  000.080: require('blink.cmp.fuzzy.download.system')
032.678  000.178  000.098: require('blink.cmp.fuzzy.download.files')
032.680  000.261  000.083: require('blink.cmp.fuzzy.download.git')
032.682  000.379  000.118: require('blink.cmp.fuzzy.download')
032.952  000.092  000.092: require('vim._system')
036.028  009.601  005.850: require('blink.cmp')
036.416  000.104  000.104: require('lspconfig.async')
036.419  000.227  000.123: require('lspconfig.configs')
036.424  000.388  000.161: require('lspconfig')
036.654  000.113  000.113: require('vim.iter')
036.662  000.236  000.123: require('lspconfig.configs.lua_ls')
037.066  000.115  000.115: require('lspconfig.manager')
037.249  000.003  000.003: require('vim.F')
037.275  000.207  000.204: require('vim.diagnostic')
037.329  000.008  000.008: sourcing nvim_exec2() called at /Users/haynescd/.config/nvim/init.lua:0
037.338  000.001  000.001: sourcing nvim_exec2() called at /Users/haynescd/.config/nvim/init.lua:0
038.227  000.118  000.118: require('rose-pine.config')
038.229  000.888  000.770: require('rose-pine')
039.563  000.103  000.103: require('rose-pine.utilities')
039.658  000.094  000.094: require('rose-pine.palette')
040.686  000.051  000.051: sourcing nvim_exec2() called at /Users/haynescd/.local/share/nvim/lazy/rose-pine/colors/rose-pine.lua:0
040.688  001.334  001.086: sourcing /Users/haynescd/.local/share/nvim/lazy/rose-pine/colors/rose-pine.lua
041.870  000.145  000.145: require('nvim-treesitter.utils')
042.694  000.122  000.122: require('vim.treesitter.language')
042.823  000.126  000.126: require('vim.func')
043.001  000.149  000.149: require('vim.func._memoize')
043.116  000.692  000.294: require('vim.treesitter.query')
043.210  000.093  000.093: require('vim.treesitter._range')
043.222  000.961  000.176: require('vim.treesitter.languagetree')
043.228  001.113  000.151: require('vim.treesitter')
043.753  001.882  000.770: require('nvim-treesitter.parsers')
044.400  000.180  000.180: require('nvim-treesitter.compat')
044.764  000.256  000.256: require('nvim-treesitter.ts_utils')
044.770  000.369  000.113: require('nvim-treesitter.tsrange')
044.858  000.086  000.086: require('nvim-treesitter.caching')
044.874  000.873  000.238: require('nvim-treesitter.query')
044.889  001.041  000.168: require('nvim-treesitter.configs')
044.893  001.138  000.097: require('nvim-treesitter.info')
045.001  000.108  000.108: require('nvim-treesitter.shell_command_selectors')
045.045  003.468  000.195: require('nvim-treesitter.install')
045.119  000.073  000.073: require('nvim-treesitter.statusline')
045.206  000.085  000.085: require('nvim-treesitter.query_predicates')
045.207  004.209  000.583: require('nvim-treesitter')
045.651  004.730  000.521: sourcing /Users/haynescd/.local/share/nvim/lazy/nvim-treesitter/plugin/nvim-treesitter.lua
045.661  004.800  000.070: sourcing nvim_exec2() called at /Users/haynescd/.config/nvim/init.lua:0
045.666  000.001  000.001: sourcing nvim_exec2() called at /Users/haynescd/.config/nvim/init.lua:0
045.676  000.001  000.001: sourcing nvim_exec2() called at /Users/haynescd/.config/nvim/init.lua:0
046.433  000.095  000.095: require('nvim-treesitter.indent')
046.556  000.075  000.075: require('nvim-treesitter.highlight')
046.876  000.099  000.099: sourcing /Users/haynescd/.local/share/nvim/lazy/undotree/plugin/undotree.vim
046.882  000.157  000.057: sourcing nvim_exec2() called at /Users/haynescd/.config/nvim/init.lua:0
046.886  000.001  000.001: sourcing nvim_exec2() called at /Users/haynescd/.config/nvim/init.lua:0
046.893  000.001  000.001: sourcing nvim_exec2() called at /Users/haynescd/.config/nvim/init.lua:0
047.552  000.016  000.016: sourcing /Users/haynescd/.local/share/nvim/lazy/plenary.nvim/plugin/plenary.vim
047.557  000.064  000.049: sourcing nvim_exec2() called at /Users/haynescd/.config/nvim/init.lua:0
047.561  000.001  000.001: sourcing nvim_exec2() called at /Users/haynescd/.config/nvim/init.lua:0
047.567  000.001  000.001: sourcing nvim_exec2() called at /Users/haynescd/.config/nvim/init.lua:0
047.855  000.001  000.001: sourcing nvim_exec2() called at /Users/haynescd/.config/nvim/init.lua:0
047.861  000.001  000.001: sourcing nvim_exec2() called at /Users/haynescd/.config/nvim/init.lua:0
048.111  000.123  000.123: sourcing /Users/haynescd/.local/share/nvim/lazy/telescope.nvim/plugin/telescope.lua
048.117  000.172  000.049: sourcing nvim_exec2() called at /Users/haynescd/.config/nvim/init.lua:0
048.120  000.001  000.001: sourcing nvim_exec2() called at /Users/haynescd/.config/nvim/init.lua:0
048.131  000.001  000.001: sourcing nvim_exec2() called at /Users/haynescd/.config/nvim/init.lua:0
049.051  000.091  000.091: require('telescope._extensions')
049.053  000.920  000.829: require('telescope')
049.444  000.072  000.072: require('plenary.bit')
049.520  000.075  000.075: require('plenary.functional')
049.540  000.262  000.114: require('plenary.path')
049.548  000.384  000.122: require('plenary.strings')
049.668  000.119  000.119: require('telescope.deprecated')
049.955  000.128  000.128: require('plenary.log')
049.968  000.208  000.080: require('telescope.log')
050.208  000.066  000.066: require('plenary.compat')
050.212  000.152  000.086: require('plenary.job')
050.300  000.087  000.087: require('telescope.state')
050.314  000.346  000.106: require('telescope.utils')
050.318  000.649  000.095: require('telescope.sorters')
051.453  002.398  001.246: require('telescope.config')
052.447  000.409  000.409: require('fzf_lib')
052.450  000.512  000.103: require('telescope._extensions.fzf')
052.634  000.181  000.181: require('telescope.builtin')
052.931  000.043  000.043: sourcing /opt/homebrew/Cellar/neovim/0.11.1/share/nvim/runtime/plugin/editorconfig.lua
052.936  000.097  000.053: sourcing nvim_exec2() called at /Users/haynescd/.config/nvim/init.lua:0
053.063  000.086  000.086: sourcing /opt/homebrew/Cellar/neovim/0.11.1/share/nvim/runtime/plugin/gzip.vim
053.068  000.130  000.043: sourcing nvim_exec2() called at /Users/haynescd/.config/nvim/init.lua:0
053.159  000.050  000.050: sourcing /opt/homebrew/Cellar/neovim/0.11.1/share/nvim/runtime/plugin/man.lua
053.163  000.092  000.042: sourcing nvim_exec2() called at /Users/haynescd/.config/nvim/init.lua:0
057.258  000.129  000.129: sourcing /opt/homebrew/Cellar/neovim/0.11.1/share/nvim/runtime/pack/dist/opt/matchit/plugin/matchit.vim
057.278  004.066  003.937: sourcing /opt/homebrew/Cellar/neovim/0.11.1/share/nvim/runtime/plugin/matchit.vim
057.283  004.109  000.043: sourcing nvim_exec2() called at /Users/haynescd/.config/nvim/init.lua:0
057.418  000.080  000.080: sourcing /opt/homebrew/Cellar/neovim/0.11.1/share/nvim/runtime/plugin/matchparen.vim
057.424  000.132  000.052: sourcing nvim_exec2() called at /Users/haynescd/.config/nvim/init.lua:0
057.529  000.007  000.007: sourcing /opt/homebrew/Cellar/neovim/0.11.1/share/nvim/runtime/plugin/netrwPlugin.vim
057.537  000.074  000.067: sourcing nvim_exec2() called at /Users/haynescd/.config/nvim/init.lua:0
057.670  000.087  000.087: sourcing /opt/homebrew/Cellar/neovim/0.11.1/share/nvim/runtime/plugin/osc52.lua
057.678  000.138  000.051: sourcing nvim_exec2() called at /Users/haynescd/.config/nvim/init.lua:0
057.824  000.087  000.087: sourcing /opt/homebrew/Cellar/neovim/0.11.1/share/nvim/runtime/plugin/rplugin.vim
057.830  000.149  000.062: sourcing nvim_exec2() called at /Users/haynescd/.config/nvim/init.lua:0
057.908  000.035  000.035: sourcing /opt/homebrew/Cellar/neovim/0.11.1/share/nvim/runtime/plugin/shada.vim
057.913  000.080  000.044: sourcing nvim_exec2() called at /Users/haynescd/.config/nvim/init.lua:0
057.969  000.010  000.010: sourcing /opt/homebrew/Cellar/neovim/0.11.1/share/nvim/runtime/plugin/spellfile.vim
057.973  000.057  000.047: sourcing nvim_exec2() called at /Users/haynescd/.config/nvim/init.lua:0
058.072  000.056  000.056: sourcing /opt/homebrew/Cellar/neovim/0.11.1/share/nvim/runtime/plugin/tarPlugin.vim
058.077  000.102  000.046: sourcing nvim_exec2() called at /Users/haynescd/.config/nvim/init.lua:0
058.170  000.050  000.050: sourcing /opt/homebrew/Cellar/neovim/0.11.1/share/nvim/runtime/plugin/tohtml.lua
058.175  000.096  000.046: sourcing nvim_exec2() called at /Users/haynescd/.config/nvim/init.lua:0
058.227  000.010  000.010: sourcing /opt/homebrew/Cellar/neovim/0.11.1/share/nvim/runtime/plugin/tutor.vim
058.231  000.054  000.044: sourcing nvim_exec2() called at /Users/haynescd/.config/nvim/init.lua:0
058.334  000.062  000.062: sourcing /opt/homebrew/Cellar/neovim/0.11.1/share/nvim/runtime/plugin/zipPlugin.vim
058.338  000.104  000.043: sourcing nvim_exec2() called at /Users/haynescd/.config/nvim/init.lua:0
058.722  000.097  000.097: sourcing /Users/haynescd/.config/nvim/after/plugin/telescope.lua
058.727  000.152  000.055: sourcing nvim_exec2() called at /Users/haynescd/.config/nvim/init.lua:0
058.787  051.382  010.675: require('haynescd.lazy_init')
059.042  000.254  000.254: require('haynescd.set')
059.043  051.950  000.192: require('haynescd')
059.045  051.984  000.033: sourcing /Users/haynescd/.config/nvim/init.lua
059.052  000.911: sourcing vimrc file(s)
059.591  000.068  000.068: sourcing /opt/homebrew/Cellar/neovim/0.11.1/share/nvim/runtime/filetype.lua
059.831  000.053  000.053: sourcing /opt/homebrew/Cellar/neovim/0.11.1/share/nvim/runtime/syntax/synload.vim
059.882  000.208  000.155: sourcing /opt/homebrew/Cellar/neovim/0.11.1/share/nvim/runtime/syntax/syntax.vim
059.893  000.564: inits 3
060.972  001.079: reading ShaDa
061.061  000.089: opening buffers
061.089  000.028: BufEnter autocommands
061.091  000.002: editing files in windows
061.121  000.031: --- NVIM STARTED ---

--- Startup times for process: Primary (or UI client) ---

times in msec
 clock   self+sourced   self:  sourced script
 clock   elapsed:              other lines

000.000  000.000: --- NVIM STARTING ---
000.153  000.152: event init
000.332  000.179: early init
000.948  000.617: locale set
000.984  000.036: init first window
001.513  000.529: inits 1
001.523  000.010: window checked
001.529  000.006: parsing arguments
002.181  000.162  000.162: require('vim.shared')
002.271  000.034  000.034: require('vim.inspect')
002.312  000.032  000.032: require('vim._options')
002.315  000.129  000.063: require('vim._editor')
002.316  000.334  000.044: require('vim._init_packages')
002.319  000.455: init lua interpreter
006.390  004.072: nvim_ui_attach
006.764  000.374: nvim_set_client_info
006.766  000.002: --- NVIM STARTED ---

--- Startup times for process: Embedded ---

times in msec
 clock   self+sourced   self:  sourced script
 clock   elapsed:              other lines

000.001  000.001: --- NVIM STARTING ---
000.174  000.173: event init
000.341  000.167: early init
002.304  001.963: locale set
002.370  000.066: init first window
003.152  000.782: inits 1
003.180  000.028: window checked
003.186  000.006: parsing arguments
003.668  000.035  000.035: require('vim.shared')
003.745  000.029  000.029: require('vim.inspect')
003.784  000.030  000.030: require('vim._options')
003.786  000.115  000.056: require('vim._editor')
003.787  000.187  000.037: require('vim._init_packages')
003.789  000.415: init lua interpreter
008.147  004.359: expanding arguments
008.165  000.018: inits 2
008.428  000.263: init highlight
008.429  000.001: waiting for UI
008.634  000.205: done waiting for UI
008.641  000.007: clear screen
008.784  000.022  000.022: require('vim.keymap')
009.873  000.177  000.177: sourcing nvim_exec2()
010.125  001.480  001.281: require('vim._defaults')
010.127  000.006: init default mappings & autocommands
011.002  000.069  000.069: sourcing /opt/homebrew/Cellar/neovim/0.11.1/share/nvim/runtime/ftplugin.vim
011.110  000.026  000.026: sourcing /opt/homebrew/Cellar/neovim/0.11.1/share/nvim/runtime/indent.vim
011.777  000.135  000.135: require('haynescd.remap')
012.787  000.796  000.796: require('lazy')
012.835  000.028  000.028: require('ffi')
012.890  000.032  000.032: require('vim.fs')
013.074  000.181  000.181: require('vim.uri')
013.084  000.246  000.032: require('vim.loader')
013.547  000.437  000.437: require('lazy.stats')
013.807  000.206  000.206: require('lazy.core.util')
013.987  000.178  000.178: require('lazy.core.config')
014.351  000.164  000.164: require('lazy.core.handler')
014.831  000.187  000.187: require('lazy.pkg')
014.834  000.326  000.138: require('lazy.core.meta')
014.839  000.485  000.159: require('lazy.core.plugin')
014.844  000.855  000.207: require('lazy.core.loader')
015.472  000.184  000.184: require('lazy.core.fragments')
017.766  000.212  000.212: require('lazy.core.handler.event')
017.768  000.369  000.157: require('lazy.core.handler.ft')
017.904  000.131  000.131: require('lazy.core.handler.keys')
018.063  000.156  000.156: require('lazy.core.handler.cmd')
018.229  000.004  000.004: sourcing nvim_exec2() called at /Users/haynescd/.config/nvim/init.lua:0
018.241  000.001  000.001: sourcing nvim_exec2() called at /Users/haynescd/.config/nvim/init.lua:0
018.699  000.296  000.296: sourcing nvim_exec2() called at /opt/homebrew/Cellar/neovim/0.11.1/share/nvim/runtime/filetype.lua:0
018.701  000.383  000.088: sourcing /opt/homebrew/Cellar/neovim/0.11.1/share/nvim/runtime/filetype.lua
018.707  000.444  000.061: sourcing nvim_exec2() called at /Users/haynescd/.config/nvim/init.lua:0
019.216  000.140  000.140: sourcing /Users/haynescd/.local/share/nvim/lazy/undotree/plugin/undotree.vim
019.227  000.224  000.084: sourcing nvim_exec2() called at /Users/haynescd/.config/nvim/init.lua:0
019.252  000.002  000.002: sourcing nvim_exec2() called at /Users/haynescd/.config/nvim/init.lua:0
019.264  000.001  000.001: sourcing nvim_exec2() called at /Users/haynescd/.config/nvim/init.lua:0
020.800  000.723  000.723: require('lazydev')
020.970  000.168  000.168: require('lazydev.config')
021.619  000.205  000.205: require('vim.lsp.log')
022.292  000.670  000.670: require('vim.lsp.protocol')
022.513  000.218  000.218: require('vim.lsp.util')
022.837  000.187  000.187: require('vim.lsp.sync')
022.846  000.331  000.145: require('vim.lsp._changetracking')
023.198  000.161  000.161: require('vim.lsp._transport')
023.212  000.365  000.204: require('vim.lsp.rpc')
023.239  002.109  000.319: require('vim.lsp')
023.242  002.217  000.108: require('lazydev.util')
023.837  000.269  000.269: require('lspconfig.util')
024.104  000.263  000.263: require('vim.version')
025.236  001.788  001.257: sourcing /Users/haynescd/.local/share/nvim/lazy/nvim-lspconfig/plugin/lspconfig.lua
025.247  001.862  000.074: sourcing nvim_exec2() called at /Users/haynescd/.config/nvim/init.lua:0
025.254  000.002  000.002: sourcing nvim_exec2() called at /Users/haynescd/.config/nvim/init.lua:0
025.263  000.001  000.001: sourcing nvim_exec2() called at /Users/haynescd/.config/nvim/init.lua:0
027.027  000.002  000.002: sourcing nvim_exec2() called at /Users/haynescd/.config/nvim/init.lua:0
027.033  000.001  000.001: sourcing nvim_exec2() called at /Users/haynescd/.config/nvim/init.lua:0
027.846  000.598  000.598: require('blink.cmp')
028.100  000.105  000.105: require('blink.cmp.lib.async')
028.286  000.089  000.089: require('blink.cmp.config.utils')
028.388  000.100  000.100: require('blink.cmp.config.keymap')
028.582  000.089  000.089: require('blink.cmp.config.completion.keyword')
028.693  000.109  000.109: require('blink.cmp.config.completion.trigger')
028.803  000.109  000.109: require('blink.cmp.config.completion.list')
028.897  000.092  000.092: require('blink.cmp.config.completion.accept')
029.004  000.106  000.106: require('blink.cmp.config.completion.menu')
029.095  000.090  000.090: require('blink.cmp.config.completion.documentation')
029.184  000.088  000.088: require('blink.cmp.config.completion.ghost_text')
029.185  000.796  000.113: require('blink.cmp.config.completion')
029.275  000.089  000.089: require('blink.cmp.config.fuzzy')
029.367  000.090  000.090: require('blink.cmp.config.sources')
029.498  000.130  000.130: require('blink.cmp.config.signature')
029.584  000.085  000.085: require('blink.cmp.config.snippets')
029.665  000.081  000.081: require('blink.cmp.config.appearance')
029.747  000.081  000.081: require('blink.cmp.config.modes.cmdline')
029.825  000.077  000.077: require('blink.cmp.config.modes.term')
029.827  001.726  000.108: require('blink.cmp.config')
029.907  000.078  000.078: require('blink.cmp.lib.event_emitter')
030.010  000.102  000.102: require('blink.cmp.lib.utils')
030.015  002.164  000.153: require('blink.cmp.sources.lib')
030.023  002.836  000.075: sourcing /Users/haynescd/.local/share/nvim/lazy/blink.cmp/plugin/blink-cmp.lua
030.031  002.892  000.055: sourcing nvim_exec2() called at /Users/haynescd/.config/nvim/init.lua:0
030.039  000.003  000.003: sourcing nvim_exec2() called at /Users/haynescd/.config/nvim/init.lua:0
030.050  000.001  000.001: sourcing nvim_exec2() called at /Users/haynescd/.config/nvim/init.lua:0
030.209  000.079  000.079: require('blink-cmp')
031.389  000.096  000.096: require('blink.cmp.config.modes.types')
031.984  000.104  000.104: require('blink.cmp.fuzzy.download.system')
032.039  000.251  000.147: require('blink.cmp.fuzzy.download.files')
032.041  000.339  000.087: require('blink.cmp.fuzzy.download.git')
032.044  000.451  000.113: require('blink.cmp.fuzzy.download')
032.227  000.115  000.115: require('vim._system')
034.823  009.557  005.916: require('blink.cmp')
035.307  000.116  000.116: require('lspconfig.async')
035.310  000.265  000.149: require('lspconfig.configs')
035.319  000.482  000.218: require('lspconfig')
035.587  000.162  000.162: require('vim.iter')
035.595  000.275  000.113: require('lspconfig.configs.lua_ls')
035.988  000.134  000.134: require('lspconfig.manager')
036.235  000.012  000.012: require('vim.F')
036.453  000.461  000.450: require('vim.diagnostic')
037.142  000.025  000.025: sourcing /Users/haynescd/.local/share/nvim/lazy/plenary.nvim/plugin/plenary.vim
037.149  000.103  000.078: sourcing nvim_exec2() called at /Users/haynescd/.config/nvim/init.lua:0
037.154  000.001  000.001: sourcing nvim_exec2() called at /Users/haynescd/.config/nvim/init.lua:0
037.170  000.001  000.001: sourcing nvim_exec2() called at /Users/haynescd/.config/nvim/init.lua:0
037.575  000.003  000.003: sourcing nvim_exec2() called at /Users/haynescd/.config/nvim/init.lua:0
037.591  000.001  000.001: sourcing nvim_exec2() called at /Users/haynescd/.config/nvim/init.lua:0
038.342  000.474  000.474: sourcing /Users/haynescd/.local/share/nvim/lazy/telescope.nvim/plugin/telescope.lua
038.352  000.543  000.070: sourcing nvim_exec2() called at /Users/haynescd/.config/nvim/init.lua:0
038.361  000.004  000.004: sourcing nvim_exec2() called at /Users/haynescd/.config/nvim/init.lua:0
038.438  000.002  000.002: sourcing nvim_exec2() called at /Users/haynescd/.config/nvim/init.lua:0
039.237  000.198  000.198: require('telescope._extensions')
039.241  000.797  000.599: require('telescope')
039.708  000.109  000.109: require('plenary.bit')
039.802  000.093  000.093: require('plenary.functional')
039.826  000.343  000.141: require('plenary.path')
039.836  000.453  000.110: require('plenary.strings')
039.926  000.089  000.089: require('telescope.deprecated')
040.267  000.142  000.142: require('plenary.log')
040.301  000.265  000.123: require('telescope.log')
040.651  000.132  000.132: require('plenary.compat')
040.656  000.243  000.112: require('plenary.job')
040.748  000.090  000.090: require('telescope.state')
040.764  000.463  000.129: require('telescope.utils')
040.768  000.841  000.113: require('telescope.sorters')
041.775  002.533  001.150: require('telescope.config')
042.789  000.401  000.401: require('fzf_lib')
042.792  000.509  000.108: require('telescope._extensions.fzf')
042.911  000.116  000.116: require('telescope.builtin')
043.775  000.085  000.085: require('nvim-treesitter.utils')
044.631  000.166  000.166: require('vim.treesitter.language')
044.717  000.084  000.084: require('vim.func')
044.810  000.091  000.091: require('vim.func._memoize')
044.897  000.581  000.241: require('vim.treesitter.query')
044.989  000.090  000.090: require('vim.treesitter._range')
045.000  000.846  000.175: require('vim.treesitter.languagetree')
045.004  000.996  000.150: require('vim.treesitter')
045.439  001.663  000.667: require('nvim-treesitter.parsers')
045.977  000.110  000.110: require('nvim-treesitter.compat')
046.242  000.180  000.180: require('nvim-treesitter.ts_utils')
046.250  000.271  000.091: require('nvim-treesitter.tsrange')
046.365  000.114  000.114: require('nvim-treesitter.caching')
046.383  000.651  000.157: require('nvim-treesitter.query')
046.407  000.875  000.224: require('nvim-treesitter.configs')
046.414  000.975  000.099: require('nvim-treesitter.info')
046.577  000.162  000.162: require('nvim-treesitter.shell_command_selectors')
046.639  003.065  000.181: require('nvim-treesitter.install')
046.734  000.094  000.094: require('nvim-treesitter.statusline')
046.906  000.171  000.171: require('nvim-treesitter.query_predicates')
046.910  003.702  000.371: require('nvim-treesitter')
047.359  004.194  000.492: sourcing /Users/haynescd/.local/share/nvim/lazy/nvim-treesitter/plugin/nvim-treesitter.lua
047.367  004.259  000.065: sourcing nvim_exec2() called at /Users/haynescd/.config/nvim/init.lua:0
047.372  000.001  000.001: sourcing nvim_exec2() called at /Users/haynescd/.config/nvim/init.lua:0
047.392  000.001  000.001: sourcing nvim_exec2() called at /Users/haynescd/.config/nvim/init.lua:0
048.254  000.093  000.093: require('nvim-treesitter.highlight')
048.355  000.089  000.089: require('nvim-treesitter.indent')
049.117  000.570  000.570: sourcing /Users/haynescd/.local/share/nvim/lazy/vim-fugitive/plugin/fugitive.vim
049.123  000.633  000.064: sourcing nvim_exec2() called at /Users/haynescd/.config/nvim/init.lua:0
049.128  000.001  000.001: sourcing nvim_exec2() called at /Users/haynescd/.config/nvim/init.lua:0
049.289  000.007  000.007: sourcing /Users/haynescd/.local/share/nvim/lazy/vim-fugitive/ftdetect/fugitive.vim
049.293  000.061  000.054: sourcing nvim_exec2() called at /Users/haynescd/.config/nvim/init.lua:0
049.296  000.001  000.001: sourcing nvim_exec2() called at /Users/haynescd/.config/nvim/init.lua:0
049.679  000.001  000.001: sourcing nvim_exec2() called at /Users/haynescd/.config/nvim/init.lua:0
049.693  000.001  000.001: sourcing nvim_exec2() called at /Users/haynescd/.config/nvim/init.lua:0
050.545  000.099  000.099: require('rose-pine.config')
050.547  000.852  000.753: require('rose-pine')
051.649  000.080  000.080: require('rose-pine.utilities')
051.727  000.077  000.077: require('rose-pine.palette')
052.655  000.008  000.008: sourcing nvim_exec2() called at /Users/haynescd/.local/share/nvim/lazy/rose-pine/colors/rose-pine.lua:0
052.688  001.165  001.000: sourcing /Users/haynescd/.local/share/nvim/lazy/rose-pine/colors/rose-pine.lua
053.039  000.001  000.001: sourcing nvim_exec2() called at /Users/haynescd/.config/nvim/init.lua:0
053.045  000.001  000.001: sourcing nvim_exec2() called at /Users/haynescd/.config/nvim/init.lua:0
053.655  000.605  000.605: require('mini.icons')
053.775  000.002  000.002: sourcing nvim_exec2() called at /Users/haynescd/.config/nvim/init.lua:0
053.780  000.001  000.001: sourcing nvim_exec2() called at /Users/haynescd/.config/nvim/init.lua:0
053.921  000.137  000.137: require('oil')
054.000  000.077  000.077: require('oil.ringbuf')
054.089  000.088  000.088: require('oil.config')
054.732  000.608  000.608: require('vim.filetype')
055.145  000.079  000.079: require('oil.log')
055.157  000.191  000.111: require('oil.fs')
055.331  000.069  000.069: require('oil.constants')
055.370  000.212  000.143: require('oil.util')
055.684  000.048  000.048: sourcing /opt/homebrew/Cellar/neovim/0.11.1/share/nvim/runtime/plugin/editorconfig.lua
055.688  000.105  000.057: sourcing nvim_exec2() called at /Users/haynescd/.config/nvim/init.lua:0
055.823  000.084  000.084: sourcing /opt/homebrew/Cellar/neovim/0.11.1/share/nvim/runtime/plugin/gzip.vim
055.827  000.126  000.042: sourcing nvim_exec2() called at /Users/haynescd/.config/nvim/init.lua:0
055.921  000.053  000.053: sourcing /opt/homebrew/Cellar/neovim/0.11.1/share/nvim/runtime/plugin/man.lua
055.926  000.095  000.042: sourcing nvim_exec2() called at /Users/haynescd/.config/nvim/init.lua:0
058.059  000.151  000.151: sourcing /opt/homebrew/Cellar/neovim/0.11.1/share/nvim/runtime/pack/dist/opt/matchit/plugin/matchit.vim
058.074  002.108  001.956: sourcing /opt/homebrew/Cellar/neovim/0.11.1/share/nvim/runtime/plugin/matchit.vim
058.079  002.151  000.043: sourcing nvim_exec2() called at /Users/haynescd/.config/nvim/init.lua:0
058.205  000.077  000.077: sourcing /opt/homebrew/Cellar/neovim/0.11.1/share/nvim/runtime/plugin/matchparen.vim
058.210  000.125  000.048: sourcing nvim_exec2() called at /Users/haynescd/.config/nvim/init.lua:0
058.265  000.006  000.006: sourcing /opt/homebrew/Cellar/neovim/0.11.1/share/nvim/runtime/plugin/netrwPlugin.vim
058.270  000.057  000.051: sourcing nvim_exec2() called at /Users/haynescd/.config/nvim/init.lua:0
058.411  000.093  000.093: sourcing /opt/homebrew/Cellar/neovim/0.11.1/share/nvim/runtime/plugin/osc52.lua
058.416  000.143  000.050: sourcing nvim_exec2() called at /Users/haynescd/.config/nvim/init.lua:0
058.539  000.080  000.080: sourcing /opt/homebrew/Cellar/neovim/0.11.1/share/nvim/runtime/plugin/rplugin.vim
058.547  000.127  000.047: sourcing nvim_exec2() called at /Users/haynescd/.config/nvim/init.lua:0
058.622  000.030  000.030: sourcing /opt/homebrew/Cellar/neovim/0.11.1/share/nvim/runtime/plugin/shada.vim
058.632  000.081  000.051: sourcing nvim_exec2() called at /Users/haynescd/.config/nvim/init.lua:0
058.692  000.010  000.010: sourcing /opt/homebrew/Cellar/neovim/0.11.1/share/nvim/runtime/plugin/spellfile.vim
058.697  000.062  000.052: sourcing nvim_exec2() called at /Users/haynescd/.config/nvim/init.lua:0
058.793  000.045  000.045: sourcing /opt/homebrew/Cellar/neovim/0.11.1/share/nvim/runtime/plugin/tarPlugin.vim
058.799  000.097  000.052: sourcing nvim_exec2() called at /Users/haynescd/.config/nvim/init.lua:0
058.913  000.062  000.062: sourcing /opt/homebrew/Cellar/neovim/0.11.1/share/nvim/runtime/plugin/tohtml.lua
058.917  000.115  000.053: sourcing nvim_exec2() called at /Users/haynescd/.config/nvim/init.lua:0
058.971  000.009  000.009: sourcing /opt/homebrew/Cellar/neovim/0.11.1/share/nvim/runtime/plugin/tutor.vim
058.975  000.054  000.044: sourcing nvim_exec2() called at /Users/haynescd/.config/nvim/init.lua:0
059.079  000.064  000.064: sourcing /opt/homebrew/Cellar/neovim/0.11.1/share/nvim/runtime/plugin/zipPlugin.vim
059.083  000.106  000.042: sourcing nvim_exec2() called at /Users/haynescd/.config/nvim/init.lua:0
059.363  000.057  000.057: sourcing /Users/haynescd/.config/nvim/after/plugin/telescope.lua
059.367  000.104  000.048: sourcing nvim_exec2() called at /Users/haynescd/.config/nvim/init.lua:0
059.419  047.640  010.255: require('haynescd.lazy_init')
059.791  000.370  000.370: require('haynescd.set')
059.792  048.501  000.355: require('haynescd')
059.793  048.539  000.038: sourcing /Users/haynescd/.config/nvim/init.lua
059.803  001.042: sourcing vimrc file(s)
060.233  000.045  000.045: sourcing /opt/homebrew/Cellar/neovim/0.11.1/share/nvim/runtime/filetype.lua
060.442  000.034  000.034: sourcing /opt/homebrew/Cellar/neovim/0.11.1/share/nvim/runtime/syntax/synload.vim
060.487  000.184  000.150: sourcing /opt/homebrew/Cellar/neovim/0.11.1/share/nvim/runtime/syntax/syntax.vim
060.498  000.465: inits 3
061.588  001.091: reading ShaDa
061.640  000.052: opening buffers
061.652  000.012: BufEnter autocommands
061.654  000.001: editing files in windows
061.682  000.028: --- NVIM STARTED ---

